[valentine.mewtru.com/index.html]
[valentine.mewtru.com/_next/static/media/c9a5bc6a7c948fb0-s.p.woff2]
[gifdb.com/images/high/cute-love-bear-roses-ou7zho5oosxnpo6k.gif]
[valentine.mewtru.com/_next/static/css/554796c3191cdae8.css]
[valentine.mewtru.com/_next/static/chunks/webpack-7086a7543d1dc029.js]
[valentine.mewtru.com/_next/static/chunks/fd9d1056-534a3af521b04580.js]
[valentine.mewtru.com/_next/static/chunks/69-5788959f6f1d2963.js]
[valentine.mewtru.com/_next/static/chunks/main-app-f5c8d25c8479457f.js]
[backblue.gif]
[fade.gif]
[index.html]
[valentine.mewtru.com/_next/static/chunks/app/page-a53c2c10bc9b282e.js]
[valentine.mewtru.com/favicon.ico]
[valentine.mewtru.com/index.html]
[valentine.mewtru.com/_next/static/chunks/polyfills-c67a75d1b6f99dc8.js]
[valentine.mewtru.com/_next/static/media/ec159349637c90ad-s.woff2]
[valentine.mewtru.com/_next/static/media/513657b02c5c193f-s.woff2]
[valentine.mewtru.com/_next/static/media/fd4db3eb5472fc27-s.woff2]
[valentine.mewtru.com/_next/static/media/51ed15f9841b9f9d-s.woff2]
[valentine.mewtru.com/_next/static/media/05a31a2ca4975f99-s.woff2]
[valentine.mewtru.com/_next/static/media/d6b16ce4a6175f26-s.woff2]
[valentine.mewtru.com/_next/static/css/554796c3191cdae8.css]
